<?xml version="1.0" encoding="UTF-8" ?>
<testsuite tests="14" failures="0" name="Controlador.ControladorTest" time="2.081" errors="0" skipped="0">
  <properties>
[...]
</properties>
  <testcase classname="Controlador.ControladorTest" name="testDoGet_EditarUsuarios" time="1.838"/>
  <testcase classname="Controlador.ControladorTest" name="testDoGet_AgregarPedido" time="0.004"/>
  <testcase classname="Controlador.ControladorTest" name="testDoGet_AgregarRepuesto" time="0.04"/>
  <testcase classname="Controlador.ControladorTest" name="testDoPost_Login" time="0.056"/>
  <testcase classname="Controlador.ControladorTest" name="testDoGet_AgregarUsuarios" time="0.026"/>
  <testcase classname="Controlador.ControladorTest" name="testDoGet_VerPedidosBoleta2" time="0.007"/>
  <testcase classname="Controlador.ControladorTest" name="testDoGet_ListarPedido" time="0.017"/>
  <testcase classname="Controlador.ControladorTest" name="testDoGet_Logear" time="0.014"/>
  <testcase classname="Controlador.ControladorTest" name="testDoGet_Logout" time="0.008"/>
  <testcase classname="Controlador.ControladorTest" name="testDoGet_RegistrarUsuario" time="0.017"/>
  <testcase classname="Controlador.ControladorTest" name="testDoGet_EditarPedido" time="0.012"/>
  <testcase classname="Controlador.ControladorTest" name="testDoPost_Register" time="0.002"/>
  <testcase classname="Controlador.ControladorTest" name="testDoGet_VerPedidosBoleta" time="0.018"/>
  <testcase classname="Controlador.ControladorTest" name="testDoGet_EditarRepuesto" time="0.022"/>
</testsuite>