<?xml version="1.0" encoding="UTF-8"?>
<testsuite xmlns:xsi="http://www.w3.org/2001/XMLSchema-instance" xsi:noNamespaceSchemaLocation="https://maven.apache.org/surefire/maven-surefire-plugin/xsd/surefire-test-report-3.0.xsd" version="3.0" name="ModeloDAO.UsuariosDAOTest" time="0.17" tests="8" errors="0" skipped="0" failures="0">
  <properties>
[...]
</properties>
  <testcase name="testDesactivarCuenta" classname="ModeloDAO.UsuariosDAOTest" time="0"/>
  <testcase name="testAdd" classname="ModeloDAO.UsuariosDAOTest" time="0"/>
  <testcase name="testEdit" classname="ModeloDAO.UsuariosDAOTest" time="0.061"/>
  <testcase name="testList" classname="ModeloDAO.UsuariosDAOTest" time="0.004"/>
  <testcase name="testUpdatebloqueos" classname="ModeloDAO.UsuariosDAOTest" time="0.059"/>
  <testcase name="testSacarintentos" classname="ModeloDAO.UsuariosDAOTest" time="0.015">
    <system-err><![CDATA[jul. 04, 2023 3:02:09 P. M. ModeloDAO.UsuariosDAO sacarintentos
WARNING: java.sql.SQLException: Illegal operation on empty result set.
]]></system-err>
  </testcase>
  <testcase name="testUpdateintentos" classname="ModeloDAO.UsuariosDAOTest" time="0.008"/>
  <testcase name="testListar" classname="ModeloDAO.UsuariosDAOTest" time="0.02"/>
</testsuite>