<?xml version="1.0" encoding="UTF-8" ?>
<testsuite tests="8" failures="0" name="Modelo.RepuestoTest" time="0" errors="0" skipped="0">
  <properties>
[...]
</properties>
  <testcase classname="Modelo.RepuestoTest" name="testGetSetIdRepuesto" time="0"/>
  <testcase classname="Modelo.RepuestoTest" name="testGetSetFkidEstado" time="0"/>
  <testcase classname="Modelo.RepuestoTest" name="testGetSetPrecioUnitario" time="0"/>
  <testcase classname="Modelo.RepuestoTest" name="testGetSetFkidAlmacen" time="0"/>
  <testcase classname="Modelo.RepuestoTest" name="testGetSetCantidad" time="0"/>
  <testcase classname="Modelo.RepuestoTest" name="testGetSetFkidCategoria" time="0"/>
  <testcase classname="Modelo.RepuestoTest" name="testGetSetImagen" time="0"/>
  <testcase classname="Modelo.RepuestoTest" name="testGetSetNombre" time="0"/>
</testsuite>