GROUP,PACKAGE,CLASS,INSTRUCTION_MISSED,INSTRUCTION_COVERED,BRANCH_MISSED,BRANCH_COVERED,LINE_MISSED,LINE_COVERED,COMPLEXITY_MISSED,COMPLEXITY_COVERED,METHOD_MISSED,METHOD_COVERED
HACLLaditec,Controlador,Controlador,127,563,25,33,38,145,25,16,1,4
HACLLaditec,Modelo,PedidoVenta,24,52,0,0,9,23,1,15,1,15
HACLLaditec,Modelo,Repuesto,27,59,0,0,10,26,1,17,1,17
HACLLaditec,Modelo,Usuario,24,52,0,0,9,23,1,15,1,15
HACLLaditec,Config,conexion,16,25,3,1,6,10,3,3,1,3
HACLLaditec,ModeloDAO,UsuariosDAO,60,374,0,4,21,85,0,12,0,10
HACLLaditec,ModeloDAO,LoginDAO,10,101,1,3,4,22,2,4,1,3
HACLLaditec,ModeloDAO,RepuestoDAO,19,342,0,4,7,70,0,8,0,6
HACLLaditec,ModeloDAO,PedidoVentaDAO,91,290,1,3,24,66,1,9,0,8
